<?xml version="1.0" encoding="UTF-8"?>
<!-- Generated by org.testng.reporters.JUnitReportReporter -->
<testsuite hostname="DeepThought.local" failures="0" tests="2" name="storePage.testStorePage" time="5.116" errors="0" timestamp="14 Feb 2019 01:05:41 GMT">
  <testcase classname="storePage.testStorePage" name="openStorePage" time="0.045"/>
  <testcase classname="storePage.testStorePage" name="login" time="5.071"/>
</testsuite> <!-- storePage.testStorePage -->
